#
# There is insufficient memory for the Java Runtime Environment to continue.
# Native memory allocation (mmap) failed to map 398458880 bytes. Error detail: G1 virtual space
# Possible reasons:
#   The system is out of physical RAM or swap space
#   This process is running with CompressedOops enabled, and the Java Heap may be blocking the growth of the native heap
# Possible solutions:
#   Reduce memory load on the system
#   Increase physical memory or swap space
#   Check if swap backing store is full
#   Decrease Java heap size (-Xmx/-Xms)
#   Decrease number of Java threads
#   Decrease Java thread stack sizes (-Xss)
#   Set larger code cache with -XX:ReservedCodeCacheSize=
#   JVM is running with Zero Based Compressed Oops mode in which the Java heap is
#     placed in the first 32GB address space. The Java Heap base address is the
#     maximum limit for the native heap growth. Please use -XX:HeapBaseMinAddress
#     to set the Java Heap base and to place the Java Heap above 32GB virtual address.
# This output file may be truncated or incomplete.
#
#  Out of Memory Error (os_windows.cpp:3618), pid=38868, tid=26872
#
# JRE version:  (17.0.17+10) (build )
# Java VM: OpenJDK 64-Bit Server VM (17.0.17+10, mixed mode, sharing, tiered, compressed oops, compressed class ptrs, g1 gc, windows-amd64)
# No core dump will be written. Minidumps are not enabled by default on client versions of Windows
#

---------------  S U M M A R Y ------------

Command Line: org.jetbrains.kotlin.cli.jvm.K2JVMCompiler @C:\Users\caema43907\FourOperations\app\build\20260206_6108934852732500079.compiler.options

Host: 12th Gen Intel(R) Core(TM) i5-12500, 12 cores, 23G,  Windows 11 , 64 bit Build 26100 (10.0.26100.7705)
Time: Fri Feb  6 15:42:13 2026 Hora oficial do Brasil elapsed time: 0.011194 seconds (0d 0h 0m 0s)

---------------  T H R E A D  ---------------

Current thread (0x000001b39a6e4320):  JavaThread "Unknown thread" [_thread_in_vm, id=26872, stack(0x0000001d61e00000,0x0000001d61f00000)]

Stack: [0x0000001d61e00000,0x0000001d61f00000]
Native frames: (J=compiled Java code, j=interpreted, Vv=VM code, C=native code)
V  [jvm.dll+0x683fb9]
V  [jvm.dll+0x83a1b5]
V  [jvm.dll+0x83bc2e]
V  [jvm.dll+0x83c2b3]
V  [jvm.dll+0x248eff]
V  [jvm.dll+0x680d79]
V  [jvm.dll+0x675b7a]
V  [jvm.dll+0x3091a7]
V  [jvm.dll+0x310776]
V  [jvm.dll+0x360bbe]
V  [jvm.dll+0x360dfd]
V  [jvm.dll+0x2e022c]
V  [jvm.dll+0x2e1138]
V  [jvm.dll+0x80c6cb]
V  [jvm.dll+0x36e841]
V  [jvm.dll+0x7eb2a5]
V  [jvm.dll+0x3f444b]
V  [jvm.dll+0x3f5f31]
C  [jli.dll+0x52d0]
C  [ucrtbase.dll+0x37b0]
C  [KERNEL32.DLL+0x2e8d7]
C  [ntdll.dll+0x8c40c]


---------------  P R O C E S S  ---------------

Threads class SMR info:
_java_thread_list=0x00007ffb5ed87f58, length=0, elements={
}

Java Threads: ( => current thread )

Other Threads:
  0x000001b3bf920b00 GCTaskThread "GC Thread#0" [stack: 0x0000001d61f00000,0x0000001d62000000] [id=29192]
  0x000001b39a74a8e0 ConcurrentGCThread "G1 Main Marker" [stack: 0x0000001d62000000,0x0000001d62100000] [id=29592]
  0x000001b39a74bfc0 ConcurrentGCThread "G1 Conc#0" [stack: 0x0000001d62100000,0x0000001d62200000] [id=31612]

[error occurred during error reporting (printing all threads), id 0xc0000005, EXCEPTION_ACCESS_VIOLATION (0xc0000005) at pc=0x00007ffb5e540d57]

VM state: not at safepoint (not fully initialized)

VM Mutex/Monitor currently owned by a thread:  ([mutex/lock_event])
[0x000001b39a6e2ca0] Heap_lock - owner thread: 0x000001b39a6e4320

Heap address: 0x0000000684400000, size: 6076 MB, Compressed Oops mode: Zero based, Oop shift amount: 3

CDS archive(s) mapped at: [0x0000000000000000-0x0000000000000000-0x0000000000000000), size 0, SharedBaseAddress: 0x0000000800000000, ArchiveRelocationMode: 1.
Narrow klass base: 0x0000000000000000, Narrow klass shift: 0, Narrow klass range: 0x0

GC Precious Log:
<Empty>

Heap:
 garbage-first heap   total 0K, used 0K [0x0000000684400000, 0x0000000800000000)
  region size 4096K, 0 young (0K), 0 survivors (0K)

[error occurred during error reporting (printing heap information), id 0xc0000005, EXCEPTION_ACCESS_VIOLATION (0xc0000005) at pc=0x00007ffb5e92d5c9]

GC Heap History (0 events):
No events

Dll operation events (1 events):
Event: 0.008 Loaded shared library C:\Program Files\Eclipse Adoptium\jdk-17.0.17.10\bin\java.dll

Deoptimization events (0 events):
No events

Classes loaded (0 events):
No events

Classes unloaded (0 events):
No events

Classes redefined (0 events):
No events

Internal exceptions (0 events):
No events

VM Operations (0 events):
No events

Memory protections (0 events):
No events

Nmethod flushes (0 events):
No events

Events (0 events):
No events


Dynamic libraries:
0x00007ff6444f0000 - 0x00007ff6444fe000 	C:\Program Files\Eclipse Adoptium\jdk-17.0.17.10\bin\java.exe
0x00007ffc0f6c0000 - 0x00007ffc0f928000 	C:\WINDOWS\SYSTEM32\ntdll.dll
0x00007ffc0ee60000 - 0x00007ffc0ef29000 	C:\WINDOWS\System32\KERNEL32.DLL
0x00007ffc0c320000 - 0x00007ffc0c711000 	C:\WINDOWS\System32\KERNELBASE.dll
0x00007ffc0d1e0000 - 0x00007ffc0d32b000 	C:\WINDOWS\System32\ucrtbase.dll
0x00007ffbc2c40000 - 0x00007ffbc2c58000 	C:\Program Files\Eclipse Adoptium\jdk-17.0.17.10\bin\jli.dll
0x00007ffc0eb90000 - 0x00007ffc0ed56000 	C:\WINDOWS\System32\USER32.dll
0x00007ffc0c7d0000 - 0x00007ffc0c7f7000 	C:\WINDOWS\System32\win32u.dll
0x00007ffc0ee20000 - 0x00007ffc0ee4b000 	C:\WINDOWS\System32\GDI32.dll
0x00007ffc0d330000 - 0x00007ffc0d45b000 	C:\WINDOWS\System32\gdi32full.dll
0x00007ffc0c720000 - 0x00007ffc0c7c3000 	C:\WINDOWS\System32\msvcp_win.dll
0x00007ffbbc450000 - 0x00007ffbbc46e000 	C:\Program Files\Eclipse Adoptium\jdk-17.0.17.10\bin\VCRUNTIME140.dll
0x00007ffbfb780000 - 0x00007ffbfba13000 	C:\WINDOWS\WinSxS\amd64_microsoft.windows.common-controls_6595b64144ccf1df_6.0.26100.7705_none_3e06597ae3363b04\COMCTL32.dll
0x00007ffc0e8f0000 - 0x00007ffc0e999000 	C:\WINDOWS\System32\msvcrt.dll
0x00007ffc0f510000 - 0x00007ffc0f541000 	C:\WINDOWS\System32\IMM32.DLL
0x00007ffbc1f70000 - 0x00007ffbc208a000 	C:\Program Files\Topaz OFD\Warsaw\wslbscr64.dll
0x00007ffc0ed60000 - 0x00007ffc0ee14000 	C:\WINDOWS\System32\ADVAPI32.dll
0x00007ffc0ef30000 - 0x00007ffc0efd6000 	C:\WINDOWS\System32\sechost.dll
0x00007ffc0f560000 - 0x00007ffc0f678000 	C:\WINDOWS\System32\RPCRT4.dll
0x00007ffc0e190000 - 0x00007ffc0e8e1000 	C:\WINDOWS\System32\SHELL32.dll
0x00007ffc0d070000 - 0x00007ffc0d1da000 	C:\WINDOWS\System32\wintypes.dll
0x00007ffc0d800000 - 0x00007ffc0db86000 	C:\WINDOWS\System32\combase.dll
0x00007ffc0ae30000 - 0x00007ffc0ae66000 	C:\WINDOWS\SYSTEM32\ntmarta.dll
0x00007ffb7bc00000 - 0x00007ffb7bcfa000 	C:\Program Files\Topaz OFD\Warsaw\wslbscrwh64.dll
0x00007ffbd6710000 - 0x00007ffbd671c000 	C:\Program Files\Eclipse Adoptium\jdk-17.0.17.10\bin\vcruntime140_1.dll
0x00007ffbb02f0000 - 0x00007ffbb037d000 	C:\Program Files\Eclipse Adoptium\jdk-17.0.17.10\bin\msvcp140.dll
0x00007ffb5e250000 - 0x00007ffb5eebb000 	C:\Program Files\Eclipse Adoptium\jdk-17.0.17.10\bin\server\jvm.dll
0x00007ffc0d460000 - 0x00007ffc0d4d4000 	C:\WINDOWS\System32\WS2_32.dll
0x00007ffc0b890000 - 0x00007ffc0b8ee000 	C:\WINDOWS\SYSTEM32\POWRPROF.dll
0x00007ffc061d0000 - 0x00007ffc06205000 	C:\WINDOWS\SYSTEM32\WINMM.dll
0x00007ffc067d0000 - 0x00007ffc067db000 	C:\WINDOWS\SYSTEM32\VERSION.dll
0x00007ffc0b870000 - 0x00007ffc0b884000 	C:\WINDOWS\SYSTEM32\UMPDC.dll
0x00007ffc0ad10000 - 0x00007ffc0ad2b000 	C:\WINDOWS\SYSTEM32\kernel.appcore.dll
0x00007ffbd2580000 - 0x00007ffbd258a000 	C:\Program Files\Eclipse Adoptium\jdk-17.0.17.10\bin\jimage.dll
0x00007ffc00630000 - 0x00007ffc00872000 	C:\WINDOWS\SYSTEM32\DBGHELP.DLL
0x000001b399d80000 - 0x000001b399e57000 	C:\WINDOWS\System32\OLEAUT32.dll
0x00007ffbfbdb0000 - 0x00007ffbfbdeb000 	C:\WINDOWS\SYSTEM32\dbgcore.DLL
0x00007ffc0c060000 - 0x00007ffc0c105000 	C:\WINDOWS\System32\bcryptPrimitives.dll
0x00007ffbb5880000 - 0x00007ffbb58a5000 	C:\Program Files\Eclipse Adoptium\jdk-17.0.17.10\bin\java.dll

dbghelp: loaded successfully - version: 4.0.5 - missing functions: none
symbol engine: initialized successfully - sym options: 0x614 - pdb path: .;C:\Program Files\Eclipse Adoptium\jdk-17.0.17.10\bin;C:\WINDOWS\SYSTEM32;C:\WINDOWS\WinSxS\amd64_microsoft.windows.common-controls_6595b64144ccf1df_6.0.26100.7705_none_3e06597ae3363b04;C:\Program Files\Topaz OFD\Warsaw;C:\Program Files\Eclipse Adoptium\jdk-17.0.17.10\bin\server

VM Arguments:
java_command: org.jetbrains.kotlin.cli.jvm.K2JVMCompiler @C:\Users\caema43907\FourOperations\app\build\20260206_6108934852732500079.compiler.options
java_class_path (initial): C:\Users\caema43907\.gradle\caches\modules-2\files-2.1\org.jetbrains.kotlin\kotlin-compiler-embeddable\1.9.24\78dab849090e6c5e2eadb6e59a11cdc28fb67a08\kotlin-compiler-embeddable-1.9.24.jar;C:\Users\caema43907\.gradle\caches\modules-2\files-2.1\org.jetbrains.kotlin\kotlin-stdlib\1.9.24\9928532f12c66ad816a625b3f9984f8368ca6d2b\kotlin-stdlib-1.9.24.jar;C:\Users\caema43907\.gradle\caches\modules-2\files-2.1\org.jetbrains.kotlin\kotlin-script-runtime\1.9.24\96771497da90fbc5af1c90fce148db2595a62502\kotlin-script-runtime-1.9.24.jar;C:\Users\caema43907\.gradle\caches\modules-2\files-2.1\org.jetbrains.kotlin\kotlin-reflect\1.6.10\1cbe9c92c12a94eea200d23c2bbaedaf3daf5132\kotlin-reflect-1.6.10.jar;C:\Users\caema43907\.gradle\caches\modules-2\files-2.1\org.jetbrains.kotlin\kotlin-daemon-embeddable\1.9.24\86685b9c5e8d170925bd9ddbdc263374a6a73281\kotlin-daemon-embeddable-1.9.24.jar;C:\Users\caema43907\.gradle\caches\modules-2\files-2.1\org.jetbrains.intellij.deps\trove4j\1.0.20200330\3afb14d5f9ceb459d724e907a21145e8ff394f02\trove4j-1.0.20200330.jar;C:\Users\caema43907\.gradle\caches\modules-2\files-2.1\org.jetbrains\annotations\13.0\919f0dfe192fb4e063e7dacadee7f8bb9a2672a9\annotations-13.0.jar
Launcher Type: SUN_STANDARD

[Global flags]
     intx CICompilerCount                          = 4                                         {product} {ergonomic}
     uint ConcGCThreads                            = 3                                         {product} {ergonomic}
     uint G1ConcRefinementThreads                  = 10                                        {product} {ergonomic}
   size_t G1HeapRegionSize                         = 4194304                                   {product} {ergonomic}
    uintx GCDrainStackTargetSize                   = 64                                        {product} {ergonomic}
   size_t InitialHeapSize                          = 398458880                                 {product} {ergonomic}
   size_t MarkStackSize                            = 4194304                                   {product} {ergonomic}
   size_t MaxHeapSize                              = 6371147776                                {product} {ergonomic}
   size_t MinHeapDeltaBytes                        = 4194304                                   {product} {ergonomic}
   size_t MinHeapSize                              = 8388608                                   {product} {ergonomic}
    uintx NonNMethodCodeHeapSize                   = 5839372                                {pd product} {ergonomic}
    uintx NonProfiledCodeHeapSize                  = 122909434                              {pd product} {ergonomic}
    uintx ProfiledCodeHeapSize                     = 122909434                              {pd product} {ergonomic}
    uintx ReservedCodeCacheSize                    = 251658240                              {pd product} {ergonomic}
     bool SegmentedCodeCache                       = true                                      {product} {ergonomic}
   size_t SoftMaxHeapSize                          = 6371147776                             {manageable} {ergonomic}
     bool UseCompressedClassPointers               = true                           {product lp64_product} {ergonomic}
     bool UseCompressedOops                        = true                           {product lp64_product} {ergonomic}
     bool UseG1GC                                  = true                                      {product} {ergonomic}
     bool UseLargePagesIndividualAllocation        = false                                  {pd product} {ergonomic}

Logging:
Log output configuration:
 #0: stdout all=warning uptime,level,tags
 #1: stderr all=off uptime,level,tags

Environment Variables:
JAVA_HOME=C:\Program Files\Eclipse Adoptium\jdk-17.0.17.10
PATH=C:\Program Files\Eclipse Adoptium\jdk-17.0.17.10\bin;C:\WINDOWS\system32;C:\WINDOWS;C:\WINDOWS\System32\Wbem;C:\WINDOWS\System32\WindowsPowerShell\v1.0\;C:\WINDOWS\System32\OpenSSH\;C:\Program Files\dotnet\;C:\Program Files (x86)\Windows Kits\10\Windows Performance Toolkit\;C:\Program Files\Git\cmd;C:\Program Files\nodejs\;C:\ProgramData\chocolatey\bin;c:\Users\caema43907\AppData\Local\Programs\cursor\resources\app\bin;C:\Dev\apache-maven-3.9.11\bin;%JAVA_HOME%\bin\bin;C:\Users\caema43907\AppData\Local\Programs\Python\Python310\Scripts\;C:\Users\caema43907\AppData\Local\Programs\Python\Python310\;C:\Users\caema43907\AppData\Local\Programs\Python\Python312\Scripts\;C:\Users\caema43907\AppData\Local\Programs\Python\Python312\;C:\Users\caema43907\AppData\Local\Microsoft\WindowsApps;C:\Users\caema43907\AppData\Local\Programs\Microsoft VS Code\bin;C:\Users\caema43907\AppData\Local\Muse Hub\lib;C:\downYoutube\ffmpeg;C:\downVideos\ffmpeg;C:\downVideos\ffmpeg\bin;C:\Users\caema43907\AppData\Roaming\npm;C:\Program Files\JetBrains\PyCharm Community Edition 2025.1\bin;;C:\Users\caema43907\AppData\Local\Programs\cursor\resources\app\bin;C:\Arquivos de Programas (x86)\Windows Kits\10\Assessment and Deployment Kit\Deployment Tools\amd64\Oscdimg;
USERNAME=caema43907
OS=Windows_NT
PROCESSOR_IDENTIFIER=Intel64 Family 6 Model 151 Stepping 5, GenuineIntel
TMP=C:\Users\CAEMA4~1\AppData\Local\Temp
TEMP=C:\Users\CAEMA4~1\AppData\Local\Temp



Periodic native trim disabled


---------------  S Y S T E M  ---------------

OS:
 Windows 11 , 64 bit Build 26100 (10.0.26100.7705)
OS uptime: 7 days 16:09 hours
Hyper-V role detected

CPU: total 12 (initial active 12) (6 cores per cpu, 2 threads per core) family 6 model 151 stepping 5 microcode 0x18, cx8, cmov, fxsr, ht, mmx, 3dnowpref, sse, sse2, sse3, ssse3, sse4.1, sse4.2, popcnt, lzcnt, tsc, tscinvbit, avx, avx2, aes, erms, clmul, bmi1, bmi2, adx, sha, fma, vzeroupper, clflush, clflushopt, clwb, hv
Processor Information for all 12 processors :
  Max Mhz: 3000, Current Mhz: 3000, Mhz Limit: 3000

Memory: 4k page, system-wide physical 24291M (783M free)
TotalPageFile size 48833M (AvailPageFile size 106M)
current process WorkingSet (physical memory assigned to process): 16M, peak: 16M
current process commit charge ("private bytes"): 66M, peak: 446M

vm_info: OpenJDK 64-Bit Server VM (17.0.17+10) for windows-amd64 JRE (17.0.17+10), built on Oct 21 2025 23:25:32 by "admin" with unknown MS VC++:1942

END.
